[15:39:01] This is prokka 1.13
[15:39:01] Written by Torsten Seemann <torsten.seemann@gmail.com>
[15:39:01] Homepage is https://github.com/tseemann/prokka
[15:39:01] Local time is Wed Mar 13 15:39:01 2019
[15:39:01] You are pattyjk
[15:39:01] Operating system is linux
[15:39:01] You have BioPerl 1.007002
[15:39:01] System has 4 cores.
[15:39:01] Will use maximum of 4 cores.
[15:39:01] Annotating as >>> Bacteria <<<
[15:39:01] Creating new output folder: prokka_out_Brachy_JB7.fa
[15:39:01] Running: mkdir -p prokka_out_Brachy_JB7\.fa
[15:39:01] Using filename prefix: Brachy_JB7.fa.XXX
[15:39:01] Setting HMMER_NCPU=1
[15:39:01] Writing log to: prokka_out_Brachy_JB7.fa/Brachy_JB7.fa.log
[15:39:01] Command: /home/pattyjk/anaconda3/bin/prokka Brachy_JB7.fa --kingdom Bacteria --cpus 4 --outdir prokka_out_Brachy_JB7.fa --prefix Brachy_JB7.fa --locustag Brachy_JB7.fa
[15:39:01] Appending to PATH: /home/pattyjk/anaconda3/bin
[15:39:01] Looking for 'aragorn' - found /home/pattyjk/anaconda3/bin/aragorn
[15:39:01] Determined aragorn version is 1.2
[15:39:01] Looking for 'barrnap' - found /home/pattyjk/anaconda3/bin/barrnap
[15:39:01] Determined barrnap version is 0.9
[15:39:01] Looking for 'blastp' - found /home/pattyjk/anaconda3/bin/blastp
[15:39:02] Determined blastp version is 2.7
[15:39:02] Looking for 'cmpress' - found /home/pattyjk/anaconda3/bin/cmpress
[15:39:02] Determined cmpress version is 1.1
[15:39:02] Looking for 'cmscan' - found /home/pattyjk/anaconda3/bin/cmscan
[15:39:02] Determined cmscan version is 1.1
[15:39:02] Looking for 'egrep' - found /bin/egrep
[15:39:02] Looking for 'find' - found /usr/bin/find
[15:39:02] Looking for 'grep' - found /bin/grep
[15:39:02] Looking for 'hmmpress' - found /home/pattyjk/anaconda3/bin/hmmpress
[15:39:02] Determined hmmpress version is 3.2
[15:39:02] Looking for 'hmmscan' - found /home/pattyjk/anaconda3/bin/hmmscan
[15:39:02] Determined hmmscan version is 3.2
[15:39:02] Looking for 'java' - found /home/pattyjk/anaconda3/bin/java
[15:39:02] Looking for 'less' - found /usr/bin/less
[15:39:02] Looking for 'makeblastdb' - found /home/pattyjk/anaconda3/bin/makeblastdb
[15:39:02] Determined makeblastdb version is 2.7
[15:39:02] Looking for 'minced' - found /home/pattyjk/anaconda3/bin/minced
[15:39:02] Determined minced version is 2.0
[15:39:02] Looking for 'parallel' - found /home/pattyjk/anaconda3/bin/parallel
[15:39:02] Determined parallel version is 20180522
[15:39:02] Looking for 'prodigal' - found /home/pattyjk/anaconda3/bin/prodigal
[15:39:02] Determined prodigal version is 2.6
[15:39:02] Looking for 'prokka-genbank_to_fasta_db' - found /home/pattyjk/anaconda3/bin/prokka-genbank_to_fasta_db
[15:39:02] Looking for 'sed' - found /bin/sed
[15:39:02] Looking for 'tbl2asn' - found /home/pattyjk/anaconda3/bin/tbl2asn
[15:39:02] Determined tbl2asn version is 25.6
[15:39:02] Using genetic code table 11.
[15:39:02] Loading and checking input file: Brachy_JB7.fa
[15:39:02] Wrote 278 contigs totalling 4091045 bp.
[15:39:02] Predicting tRNAs and tmRNAs
[15:39:02] Running: aragorn -l -gc11  -w prokka_out_Brachy_JB7\.fa\/Brachy_JB7\.fa\.fna
[15:39:04] 1 tRNA-Lys [9135,9209] 34 (ttt)
[15:39:04] 1 tRNA-Leu [26186,26271] 35 (cag)
[15:39:04] 1 tRNA-Leu c[28804,28890] 35 (gag)
[15:39:04] 1 tRNA-Trp [18745,18819] 34 (cca)
[15:39:04] 2 tRNA-Leu c[38952,39043] 35 (cag)
[15:39:04] 1 tRNA-Ala c[2009,2084] 34 (tgc)
[15:39:04] 2 tRNA-Ile c[2288,2362] 35 (gat)
[15:39:04] 1 tRNA-Leu [30497,30581] 34 (caa)
[15:39:04] 1 tRNA-Ser c[5678,5765] 35 (gga)
[15:39:04] 1 tRNA-Val c[16445,16519] 33 (gac)
[15:39:04] 2 tRNA-Cys c[16552,16623] 33 (gca)
[15:39:04] 3 tRNA-Gly c[16686,16760] 34 (gcc)
[15:39:04] 4 tRNA-Val c[16786,16858] 33 (cac)
[15:39:04] 5 tRNA-Gly [17324,17399] 34 (gcc)
[15:39:04] 6 tRNA-Val [17427,17501] 33 (gac)
[15:39:04] 1 tRNA-Val c[38134,38209] 35 (tac)
[15:39:04] 2 tRNA-Asn c[47465,47540] 34 (gtt)
[15:39:04] 3 tRNA-Met [50387,50463] 35 (cat)
[15:39:04] 1 tRNA-Arg c[3792,3865] 34 (acg)
[15:39:04] 1 tRNA-Ser [18360,18449] 35 (tga)
[15:39:04] 1 tRNA-SeC c[14323,14417] 35 (tca)
[15:39:04] 1 tRNA-Met [4748,4822] 35 (cat)
[15:39:04] 2 tRNA-Arg [23984,24058] 34 (ccg)
[15:39:05] 1 tRNA-Met c[50717,50793] 35 (cat)
[15:39:05] 2 tRNA-Thr c[50847,50920] 34 (ggt)
[15:39:05] 3 tRNA-Tyr c[51029,51112] 35 (gta)
[15:39:05] 1 tRNA-Ala [4289,4362] 34 (ggc)
[15:39:05] 1 tRNA-Ser c[27395,27483] 35 (cga)
[15:39:05] 2 tRNA-Pro c[36538,36613] 35 (cgg)
[15:39:05] 1 tRNA-Arg [6165,6238] 34 (tct)
[15:39:05] 2 tRNA-His [12508,12583] 34 (gtg)
[15:39:05] 1 tRNA-Gln c[19776,19848] 34 (ttg)
[15:39:05] 2 tRNA-Ala c[36454,36528] 34 (cgc)
[15:39:05] 1 tmRNA [20241,20611] 95,133 AESKRTDFALAA*
[15:39:05] 1 tRNA-Gly c[163,249] 32 (ccc)
[15:39:05] 1 tRNA-Arg c[54257,54330] 34 (cct)
[15:39:05] 1 tRNA-Thr c[3080,3154] 34 (cgt)
[15:39:05] 2 tRNA-Glu [9538,9611] 35 (ttc)
[15:39:05] 3 tRNA-Asp [9749,9824] 35 (gtc)
[15:39:05] 4 tRNA-Phe [11383,11456] 34 (gaa)
[15:39:05] 5 tRNA-Gly [34163,34234] 33 (ccc)
[15:39:05] 1 tRNA-Leu [633,707] 35 (taa)
[15:39:05] 1 tRNA-Pro c[3247,3321] 35 (tgg)
[15:39:05] 2 tRNA-Gly [3461,3532] 33 (tcc)
[15:39:07] 1 tRNA-Thr [41295,41374] 36 (ggt)
[15:39:07] 1 tRNA-Met [5090,5164] 35 (cat)
[15:39:07] 1 tRNA-Ser [33394,33484] 35 (gct)
[15:39:07] 2 tRNA-Thr [76579,76651] 33 (tgt)
[15:39:07] 1 tRNA-Pro [31367,31442] 35 (ggg)
[15:39:07] 1 tRNA-Leu c[21578,21661] 35 (tag)
[15:39:07] 2 tRNA-Lys [24842,24917] 35 (ctt)
[15:39:07] 1 tRNA-Glu c[23133,23206] 35 (ctc)
[15:39:07] 2 tRNA-Glu c[23234,23307] 35 (ctc)
[15:39:07] 3 tRNA-Gln c[23340,23412] 34 (ctg)
[15:39:07] 1 tRNA-Ser c[927,1013] 35 (cga)
[15:39:07] Found 55 tRNAs
[15:39:07] Predicting Ribosomal RNAs
[15:39:07] Running Barrnap with 4 threads
[15:39:15] 1 Brachy_JB7_113 16 5S ribosomal RNA
[15:39:15] 2 Brachy_JB7_113 250 23S ribosomal RNA
[15:39:15] 3 Brachy_JB7_113 3689 16S ribosomal RNA
[15:39:15] Found 3 rRNAs
[15:39:15] Skipping ncRNA search, enable with --rfam if desired.
[15:39:15] Total of 57 tRNA + rRNA features
[15:39:15] Searching for CRISPR repeats
[15:39:16] Found 0 CRISPRs
[15:39:16] Predicting coding sequences
[15:39:16] Contigs total 4091045 bp, so using single mode
[15:39:16] Running: prodigal -i prokka_out_Brachy_JB7\.fa\/Brachy_JB7\.fa\.fna -c -m -g 11 -p single -f sco -q
[15:39:19] Excluding CDS which overlaps existing RNA (tRNA) at Brachy_JB7_26:38594..39583 on - strand
[15:39:20] Excluding CDS which overlaps existing RNA (tRNA) at Brachy_JB7_124:27144..30530 on + strand
[15:39:21] Excluding CDS which overlaps existing RNA (tRNA) at Brachy_JB7_205:39842..42358 on - strand
[15:39:22] Found 3449 CDS
[15:39:22] Connecting features back to sequences
[15:39:22] Not using genus-specific database. Try --usegenus to enable it.
[15:39:22] Annotating CDS, please be patient.
[15:39:22] Will use 4 CPUs for similarity searching.
[15:39:23] There are still 3449 unannotated CDS left (started with 3449)
[15:39:23] Will use blast to search against /home/pattyjk/anaconda3/bin/../db/kingdom/Bacteria/sprot with 4 CPUs
[15:39:23] Running: cat prokka_out_Brachy_JB7\.fa\/sprot\.faa | parallel --gnu --plain -j 4 --block 142394 --recstart '>' --pipe blastp -query - -db /home/pattyjk/anaconda3/bin/../db/kingdom/Bacteria/sprot -evalue 1e-06 -num_threads 1 -num_descriptions 1 -num_alignments 1 -seg no > prokka_out_Brachy_JB7\.fa\/sprot\.blast 2> /dev/null
[15:42:05] Modify product: Uncharacterized hydrolase YxeP => putative hydrolase YxeP
[15:42:05] Modify product: Bifunctional protein FolD => Bifunctional protein FolD protein
[15:42:05] Modify product: UPF0336 protein Rv0637 => hypothetical protein
[15:42:05] Modify product: UPF0234 protein MSMEG_1165/MSMEI_1134 => hypothetical protein
[15:42:05] Modify product: Uncharacterized ABC transporter ATP-binding protein YlmA => putative ABC transporter ATP-binding protein YlmA
[15:42:05] Modify product: Uncharacterized protein Rv1276c => putative protein
[15:42:05] Modify product: Probable helicase HelY => putative helicase HelY
[15:42:05] Modify product: Probable xylitol oxidase => putative xylitol oxidase
[15:42:05] Modify product: Probable ATP-dependent helicase DinG homolog => putative ATP-dependent helicase DinG 
[15:42:05] Modify product: Probable M18 family aminopeptidase 2 => putative M18 family aminopeptidase 2
[15:42:05] Modify product: Probable sugar-binding periplasmic protein => putative sugar-binding periplasmic protein
[15:42:05] Modify product: Uncharacterized protein MSMEG_1279/MSMEI_1241 => putative protein/MSMEI_1241
[15:42:05] Modify product: UPF0394 inner membrane protein YeeE => hypothetical protein
[15:42:05] Modify product: Probable nicotinate-nucleotide adenylyltransferase => putative nicotinate-nucleotide adenylyltransferase
[15:42:05] Modify product: Putative monooxygenase Rv1533 => Putative monooxygenase
[15:42:05] Modify product: UPF0324 inner membrane protein YeiH => hypothetical protein
[15:42:05] Modify product: Uncharacterized HTH-type transcriptional regulator Rv2282c => putative HTH-type transcriptional regulator
[15:42:05] Modify product: Probable ECF RNA polymerase sigma factor SigI => putative ECF RNA polymerase sigma factor SigI
[15:42:05] Modify product: Probable ABC transporter ATP-binding protein NosF => putative ABC transporter ATP-binding protein NosF
[15:42:05] Modify product: Uncharacterized HIT-like protein HP_0404 => putative HIT-like protein
[15:42:05] Modify product: Uncharacterized ABC transporter ATP-binding protein TM_0288 => putative ABC transporter ATP-binding protein
[15:42:05] Modify product: Uncharacterized protein HI_0131 => putative protein
[15:42:05] Modify product: Probable L-asparaginase => putative L-asparaginase
[15:42:05] Modify product: Uncharacterized SufE-like protein Rv3284 => putative SufE-like protein
[15:42:05] Modify product: Uncharacterized glycosyltransferase EpsJ => putative glycosyltransferase EpsJ
[15:42:05] Modify product: Probable siderophore transport system ATP-binding protein YusV => putative siderophore transport system ATP-binding protein YusV
[15:42:05] Modify product: Probable endopeptidase p60 => putative endopeptidase p60
[15:42:05] Modify product: Uncharacterized protein YpbG => putative protein YpbG
[15:42:05] Modify product: Uncharacterized protein Rv0877 => putative protein
[15:42:05] Modify product: Probable transport protein HsrA => putative transport protein HsrA
[15:42:05] Modify product: Probable transport protein HsrA => putative transport protein HsrA
[15:42:05] Modify product: Uncharacterized protein YbgJ => putative protein YbgJ
[15:42:05] Modify product: UPF0271 protein TTHB195 => hypothetical protein
[15:42:05] Modify product: Probable adenylyltransferase/sulfurtransferase MoeZ => putative adenylyltransferase/sulfurtransferase MoeZ
[15:42:05] Modify product: Putative peptide transport permease protein Rv1282c => Putative peptide transport permease protein
[15:42:05] Modify product: UPF0312 protein SA2479 => hypothetical protein
[15:42:05] Modify product: Uncharacterized protein Rv0525 => putative protein
[15:42:05] Modify product: Probable 2-succinylbenzoate--CoA ligase => putative 2-succinylbenzoate--CoA ligase
[15:42:05] Modify product: UPF0045 protein Rv1898 => hypothetical protein
[15:42:05] Modify product: Uncharacterized oxidoreductase YghA => putative oxidoreductase YghA
[15:42:05] Modify product: Probable zinc-binding alcohol dehydrogenase Rv1895 => putative zinc-binding alcohol dehydrogenase
[15:42:05] Modify product: Uncharacterized ABC transporter ATP-binding protein Rv1272c => putative ABC transporter ATP-binding protein
[15:42:05] Modify product: Uncharacterized ABC transporter ATP-binding protein Rv1273c => putative ABC transporter ATP-binding protein
[15:42:05] Modify product: Putative multidrug export ATP-binding/permease protein SA1683 => Putative multidrug export ATP-binding/permease protein
[15:42:05] Modify product: UPF0126 inner membrane protein YicG => hypothetical protein
[15:42:05] Modify product: Probable transcriptional regulatory protein pdtaR => putative transcriptional regulatory protein pdtaR
[15:42:05] Modify product: UPF0749 protein Rv1823 => hypothetical protein
[15:42:05] Modify product: Uncharacterized FtsW-like protein => putative FtsW-like protein
[15:42:05] Modify product: Uncharacterized ABC transporter ATP-binding protein YadG => putative ABC transporter ATP-binding protein YadG
[15:42:05] Modify product: Uncharacterized HTH-type transcriptional regulator YbbH => putative HTH-type transcriptional regulator YbbH
[15:42:05] Modify product: Tricorn protease homolog 1 => Tricorn protease 
[15:42:05] Modify product: Universal stress protein MT2698 => Universal stress protein
[15:42:05] Modify product: Probable pyridine nucleotide-disulfide oxidoreductase RclA => putative pyridine nucleotide-disulfide oxidoreductase RclA
[15:42:05] Modify product: Probable multidrug resistance protein EmrY => putative multidrug resistance protein EmrY
[15:42:05] Modify product: Uncharacterized methyltransferase Rv3342 => putative methyltransferase
[15:42:05] Modify product: Putative multidrug export ATP-binding/permease protein SA1683 => Putative multidrug export ATP-binding/permease protein
[15:42:05] Modify product: Multidrug efflux ATP-binding/permease protein Rv0194 => Multidrug efflux ATP-binding/permease protein
[15:42:05] Modify product: Probable dual-specificity RNA methyltransferase RlmN => putative dual-specificity RNA methyltransferase RlmN
[15:42:05] Modify product: Uncharacterized protein Rv2901c => putative protein
[15:42:05] Modify product: UPF0109 protein Rv2908c => hypothetical protein
[15:42:05] Modify product: Uncharacterized protein Rv2915c => putative protein
[15:42:05] Modify product: Probable sensor histidine kinase TcrY => putative sensor histidine kinase TcrY
[15:42:05] Modify product: Probable transcriptional regulatory protein TcrX => putative transcriptional regulatory protein TcrX
[15:42:05] Modify product: Uncharacterized ABC transporter ATP-binding protein TM_0288 => putative ABC transporter ATP-binding protein
[15:42:05] Modify product: Uncharacterized oxidoreductase Rv0484c => putative oxidoreductase
[15:42:05] Modify product: Transcriptional repressor SmtB homolog => Transcriptional repressor SmtB 
[15:42:05] Modify product: Uncharacterized protein MRA_2757 => putative protein
[15:42:05] Modify product: Probable transcriptional regulatory protein MSMEG_2940/MSMEI_2866 => putative transcriptional regulatory protein/MSMEI_2866
[15:42:05] Modify product: Glycogen operon protein GlgX homolog => Glycogen operon protein GlgX 
[15:42:05] Modify product: Probable peptidoglycan biosynthesis protein MviN => putative peptidoglycan biosynthesis protein MviN
[15:42:05] Modify product: Uncharacterized AAA domain-containing protein Rv2559c => putative AAA domain-containing protein
[15:42:05] Modify product: Probable cytosol aminopeptidase => putative cytosol aminopeptidase
[15:42:05] Modify product: Uncharacterized protein Rv2219 => putative protein
[15:42:05] Modify product: GTP cyclohydrolase 1 type 2 homolog => GTP cyclohydrolase 1 type 2 
[15:42:05] Modify product: Probable cysteine desulfurase => putative cysteine desulfurase
[15:42:05] Modify product: Uncharacterized protein Rv2239c => putative protein
[15:42:05] Modify product: Uncharacterized protein Rv2923c => putative protein
[15:42:05] Modify product: Probable tRNA-dihydrouridine synthase => putative tRNA-dihydrouridine synthase
[15:42:05] Modify product: Probable trans-aconitate 2-methyltransferase => putative trans-aconitate 2-methyltransferase
[15:42:05] Modify product: UPF0053 protein Rv2366c => hypothetical protein
[15:42:05] Modify product: Oxygen-independent coproporphyrinogen-III oxidase-like protein Rv2388c => Oxygen-independent coproporphyrinogen-III oxidase-like protein
[15:42:05] Modify product: Uncharacterized protein Rv2567 => putative protein
[15:42:05] Modify product: Uncharacterized protein Rv2411c => putative protein
[15:42:05] Modify product: Uncharacterized protein YqeN => putative protein YqeN
[15:42:05] Modify product: Uncharacterized protein Rv0498 => putative protein
[15:42:05] Modify product: Uncharacterized ABC transporter ATP-binding protein YheS => putative ABC transporter ATP-binding protein YheS
[15:42:05] Modify product: Probable N-acetyl-alpha-D-glucosaminyl L-malate deacetylase 2 => putative N-acetyl-alpha-D-glucosaminyl L-malate deacetylase 2
[15:42:05] Modify product: Uncharacterized oxidoreductase CzcO => putative oxidoreductase CzcO
[15:42:05] Modify product: Probable deferrochelatase/peroxidase EfeN => putative deferrochelatase/peroxidase EfeN
[15:42:05] Modify product: Uncharacterized HTH-type transcriptional regulator Rv0472c => putative HTH-type transcriptional regulator
[15:42:05] Modify product: Probable multidrug-efflux transporter Rv1258c => putative multidrug-efflux transporter
[15:42:05] Modify product: Uncharacterized protein Rv1367c => putative protein
[15:42:05] Modify product: Universal stress protein MSMEG_4207 => Universal stress protein
[15:42:05] Modify product: Universal stress protein MSMEG_4207 => Universal stress protein
[15:42:05] Modify product: DNA-binding protein Rv2175c => DNA-binding protein
[15:42:05] Modify product: Putative bifunctional exonuclease/endonuclease protein Rv2191 => Putative bifunctional exonuclease/endonuclease protein
[15:42:05] Modify product: Probable cytochrome c oxidase subunit 3 => putative cytochrome c oxidase subunit 3
[15:42:05] Modify product: Probable cytochrome c oxidase subunit 1 => putative cytochrome c oxidase subunit 1
[15:42:05] Modify product: Protein Rv2204c => Protein
[15:42:05] Modify product: Uncharacterized protein Rv2206 => putative protein
[15:42:06] Modify product: Probable glutamine ABC transporter permease protein GlnP => putative glutamine ABC transporter permease protein GlnP
[15:42:06] Modify product: Uncharacterized protein Rv0088 => putative protein
[15:42:06] Modify product: Probable glycerol uptake facilitator protein => putative glycerol uptake facilitator protein
[15:42:06] Modify product: Uncharacterized protein Rv1260 => putative protein
[15:42:06] Modify product: Uncharacterized ABC transporter ATP-binding protein Rv1273c => putative ABC transporter ATP-binding protein
[15:42:06] Modify product: UPF0299 membrane protein YohJ => hypothetical protein
[15:42:06] Modify product: Uncharacterized protein MSMEG_2782/MSMEI_2713 => putative protein/MSMEI_2713
[15:42:06] Modify product: Probable peptidoglycan glycosyltransferase FtsW => putative peptidoglycan glycosyltransferase FtsW
[15:42:06] Modify product: UPF0182 protein MSMEG_1959/MSMEI_1915 => hypothetical protein
[15:42:06] Modify product: Uncharacterized protein Rv1324 => putative protein
[15:42:06] Modify product: Glycogen operon protein GlgX homolog => Glycogen operon protein GlgX 
[15:42:06] Modify product: Uncharacterized protein Rv1480 => putative protein
[15:42:06] Modify product: Uncharacterized membrane protein Rv2723 => putative membrane protein
[15:42:06] Modify product: Uncharacterized ABC transporter solute-binding protein YclQ => putative ABC transporter solute-binding protein YclQ
[15:42:06] Modify product: Uncharacterized oxidoreductase MSMEG_2408/MSMEI_2347 => putative oxidoreductase/MSMEI_2347
[15:42:06] Modify product: Uncharacterized oxidoreductase MSMEG_2408/MSMEI_2347 => putative oxidoreductase/MSMEI_2347
[15:42:06] Modify product: Uncharacterized amino acid permease YhdG => putative amino acid permease YhdG
[15:42:06] Modify product: Universal stress protein MSMEG_4207 => Universal stress protein
[15:42:06] Modify product: Probable sulfoacetate transporter SauU => putative sulfoacetate transporter SauU
[15:42:06] Modify product: Probable L-galactonate transporter => putative L-galactonate transporter
[15:42:06] Modify product: Uncharacterized multiple-sugar transport system permease YteP => putative multiple-sugar transport system permease YteP
[15:42:06] Modify product: Uncharacterized multiple-sugar transport system permease YteP => putative multiple-sugar transport system permease YteP
[15:42:06] Modify product: Uncharacterized ABC transporter solute-binding protein YclQ => putative ABC transporter solute-binding protein YclQ
[15:42:06] Modify product: pH-sensitive adenylate cyclase Rv1264 => pH-sensitive adenylate cyclase
[15:42:06] Modify product: Probable propionyl-CoA carboxylase beta chain 5 => putative propionyl-CoA carboxylase beta chain 5
[15:42:06] Modify product: Maf-like protein Rv3282 => Maf-like protein
[15:42:06] Modify product: Probable phosphomannomutase => putative phosphomannomutase
[15:42:06] Modify product: Probable 3-hydroxyisobutyrate dehydrogenase => putative 3-hydroxyisobutyrate dehydrogenase
[15:42:06] Modify product: KsdD-like steroid dehydrogenase MSMEG_5835 => KsdD-like steroid dehydrogenase
[15:42:06] Modify product: HTH-type transcriptional repressor Rv3405c => HTH-type transcriptional repressor
[15:42:06] Modify product: Uncharacterized multiple-sugar transport system permease YteP => putative multiple-sugar transport system permease YteP
[15:42:06] Modify product: Uncharacterized oxidoreductase YhhX => putative oxidoreductase YhhX
[15:42:06] Modify product: Putative succinyl-CoA transferase Rv0802c => Putative succinyl-CoA transferase
[15:42:06] Modify product: Uncharacterized ABC transporter ATP-binding protein TM_0288 => putative ABC transporter ATP-binding protein
[15:42:06] Modify product: Putative multidrug export ATP-binding/permease protein SA1683 => Putative multidrug export ATP-binding/permease protein
[15:42:06] Modify product: Uncharacterized MFS-type transporter YhjX => putative MFS-type transporter YhjX
[15:42:06] Modify product: UPF0065 protein in clcB-clcD intergenic region => hypothetical protein
[15:42:06] Modify product: Probable peptidoglycan biosynthesis protein MviN => putative peptidoglycan biosynthesis protein MviN
[15:42:06] Modify product: Uncharacterized amino acid permease YhdG => putative amino acid permease YhdG
[15:42:06] Modify product: Probable siderophore-binding lipoprotein YfiY => putative siderophore-binding lipoprotein YfiY
[15:42:06] Modify product: UPF0056 inner membrane protein YhgN => hypothetical protein
[15:42:06] Modify product: Putative O-methyltransferase Rv1220c => Putative O-methyltransferase
[15:42:06] Modify product: Uncharacterized protein Atu1656 => putative protein
[15:42:06] Modify product: Uncharacterized HTH-type transcriptional regulator Rv0880 => putative HTH-type transcriptional regulator
[15:42:06] Modify product: Uncharacterized protein Rv1417 => putative protein
[15:42:06] Modify product: Putative methyltransferase Rv1407 => Putative methyltransferase
[15:42:06] Modify product: Probable primosomal protein N' => putative primosomal protein N'
[15:42:06] Modify product: Carbohydrate-binding domain-containing protein Cthe_2159 => Carbohydrate-binding domain-containing protein
[15:42:06] Modify product: Uncharacterized protein Rv1148c => putative protein
[15:42:06] Modify product: Uncharacterized ABC transporter ATP-binding protein YlmA => putative ABC transporter ATP-binding protein YlmA
[15:42:06] Modify product: Putative transport protein Rv0205 => Putative transport protein
[15:42:06] Modify product: Uncharacterized transporter YycB => putative transporter YycB
[15:42:06] Modify product: Uncharacterized protein Rv2102 => putative protein
[15:42:06] Modify product: Uncharacterized protein Rv0007 => putative protein
[15:42:06] Modify product: Beta sliding clamp homolog GriR => Beta sliding clamp GriR
[15:42:06] Modify product: Probable chromosome-partitioning protein ParB => putative chromosome-partitioning protein ParB
[15:42:06] Modify product: Probable cell wall biosynthesis protein LcpB => putative cell wall biosynthesis protein LcpB
[15:42:06] Modify product: Nucleotide-binding protein Rv1421 => Nucleotide-binding protein
[15:42:06] Modify product: Uncharacterized HTH-type transcriptional regulator Rv1985c => putative HTH-type transcriptional regulator
[15:42:06] Modify product: Uncharacterized protein Rv2895c => putative protein
[15:42:06] Modify product: Uncharacterized MFS-type transporter Rv0037c => putative MFS-type transporter
[15:42:06] Modify product: Uncharacterized protein HI_0131 => putative protein
[15:42:06] Modify product: Putative peptide transport permease protein Rv1282c => Putative peptide transport permease protein
[15:42:06] Modify product: Uncharacterized protein HI_1472 => putative protein
[15:42:06] Modify product: UPF0371 protein DIP2346 => hypothetical protein
[15:42:06] Modify product: Putative acetyltransferase SA2342 => Putative acetyltransferase
[15:42:06] Modify product: Probable transcriptional regulator WhiB7 => putative transcriptional regulator WhiB7
[15:42:06] Modify product: Uncharacterized protein YlbL => putative protein YlbL
[15:42:06] Modify product: Probable siderophore-binding lipoprotein YfiY => putative siderophore-binding lipoprotein YfiY
[15:42:06] Modify product: Uncharacterized ABC transporter ATP-binding protein TM_0288 => putative ABC transporter ATP-binding protein
[15:42:06] Modify product: Probable multidrug resistance ABC transporter ATP-binding/permease protein YheH => putative multidrug resistance ABC transporter ATP-binding/permease protein YheH
[15:42:06] Modify product: Uncharacterized multiple-sugar transport system permease YteP => putative multiple-sugar transport system permease YteP
[15:42:06] Modify product: Probable ABC transporter ATP-binding protein NosF => putative ABC transporter ATP-binding protein NosF
[15:42:06] Modify product: Probable siderophore-binding lipoprotein YfiY => putative siderophore-binding lipoprotein YfiY
[15:42:06] Modify product: Multidrug efflux ATP-binding/permease protein Rv0194 => Multidrug efflux ATP-binding/permease protein
[15:42:06] Modify product: Uncharacterized peptidase Lmo0363 => putative peptidase
[15:42:06] Modify product: Uncharacterized protein Rv2571c => putative protein
[15:42:07] Modify product: HTH-type transcriptional repressor SCO4008 => HTH-type transcriptional repressor
[15:42:07] Modify product: Probable formaldehyde dehydrogenase AdhA => putative formaldehyde dehydrogenase AdhA
[15:42:07] Modify product: Putative peptide transport permease protein Rv1283c => Putative peptide transport permease protein
[15:42:07] Modify product: Putative peptide transport permease protein Rv1282c => Putative peptide transport permease protein
[15:42:07] Modify product: Uncharacterized ABC transporter ATP-binding protein Rv1281c => putative ABC transporter ATP-binding protein
[15:42:07] Modify product: Uncharacterized protein Rv1280c => putative protein
[15:42:07] Modify product: Uncharacterized oxidoreductase MSMEG_1603/MSMEI_1564 => putative oxidoreductase/MSMEI_1564
[15:42:07] Modify product: Uncharacterized protein Rv1342c => putative protein
[15:42:07] Modify product: Uncharacterized protein Rv2232 => putative protein
[15:42:07] Modify product: Uncharacterized protein YkoJ => putative protein YkoJ
[15:42:07] Modify product: Probable membrane transporter protein YfcA => putative membrane transporter protein YfcA
[15:42:07] Modify product: Uncharacterized protein DR_1314 => putative protein
[15:42:07] Modify product: Probable endopeptidase cgR_2070 => putative endopeptidase
[15:42:07] Modify product: Probable bifunctional transcriptional activator/DNA repair enzyme AlkA => putative bifunctional transcriptional activator/DNA repair enzyme AlkA
[15:42:07] Modify product: Putative multidrug export ATP-binding/permease protein SA1683 => Putative multidrug export ATP-binding/permease protein
[15:42:07] Modify product: Probable bacterial non-heme ferritin => putative bacterial non-heme ferritin
[15:42:07] Modify product: Uncharacterized multiple-sugar transport system permease YteP => putative multiple-sugar transport system permease YteP
[15:42:07] Modify product: UPF0053 protein Rv1842c => hypothetical protein
[15:42:07] Modify product: Uncharacterized protein Rv1841c => putative protein
[15:42:07] Modify product: Uncharacterized HTH-type transcriptional regulator Rv0880 => putative HTH-type transcriptional regulator
[15:42:07] Modify product: NADH dehydrogenase-like protein SA0802 => NADH dehydrogenase-like protein
[15:42:07] Modify product: Uncharacterized metal-dependent hydrolase TatD => putative metal-dependent hydrolase TatD
[15:42:07] Modify product: Probable dolichyl-phosphate-mannose--protein mannosyltransferase => putative dolichyl-phosphate-mannose--protein mannosyltransferase
[15:42:07] Modify product: Uncharacterized membrane protein Rv2637 => putative membrane protein
[15:42:07] Modify product: Uncharacterized protein YihR => putative protein YihR
[15:42:07] Modify product: Uncharacterized tRNA/rRNA methyltransferase Rv3579c => putative tRNA/rRNA methyltransferase
[15:42:07] Modify product: Probable low molecular weight protein-tyrosine-phosphatase => putative low molecular weight protein-tyrosine-phosphatase
[15:42:07] Modify product: Uncharacterized protein YciO => putative protein YciO
[15:42:07] Modify product: Putative glutamine amidotransferase Rv2859c => Putative glutamine amidotransferase
[15:42:07] Modify product: Probable glycine dehydrogenase (decarboxylating) => putative glycine dehydrogenase (decarboxylating)
[15:42:07] Modify product: Uncharacterized protein Rv0887c => putative protein
[15:42:07] Modify product: HTH-type transcriptional repressor SCO4008 => HTH-type transcriptional repressor
[15:42:07] Modify product: UPF0053 protein Rv1842c => hypothetical protein
[15:42:07] Modify product: Uncharacterized ABC transporter ATP-binding protein YknY => putative ABC transporter ATP-binding protein YknY
[15:42:07] Modify product: Uncharacterized ABC transporter ATP-binding protein YxlF => putative ABC transporter ATP-binding protein YxlF
[15:42:07] Modify product: Uncharacterized HTH-type transcriptional regulator MT0088 => putative HTH-type transcriptional regulator
[15:42:07] Modify product: UPF0073 inner membrane protein YqfA => hypothetical protein
[15:42:07] Modify product: Uncharacterized HTH-type transcriptional regulator YtcD => putative HTH-type transcriptional regulator YtcD
[15:42:07] Modify product: Putative multidrug export ATP-binding/permease protein SA1683 => Putative multidrug export ATP-binding/permease protein
[15:42:07] Modify product: Uncharacterized methyltransferase YcgJ => putative methyltransferase YcgJ
[15:42:07] Modify product: Uncharacterized ABC transporter ATP-binding protein YknY => putative ABC transporter ATP-binding protein YknY
[15:42:07] Modify product: Putative conjugal transfer protein Rv3659c => Putative conjugal transfer protein
[15:42:07] Modify product: Probable endopeptidase p60 => putative endopeptidase p60
[15:42:07] Modify product: Putative phosphatase M6_Spy0533 => Putative phosphatase
[15:42:07] Modify product: Uncharacterized HTH-type transcriptional regulator YydK => putative HTH-type transcriptional regulator YydK
[15:42:07] Modify product: Uncharacterized protein YjbR => putative protein YjbR
[15:42:07] Modify product: Hydrolase Rv0480c => Hydrolase
[15:42:07] Modify product: Probable nicotinate-nucleotide pyrophosphorylase [carboxylating] => putative nicotinate-nucleotide pyrophosphorylase [carboxylating]
[15:42:07] Modify product: Probable sulfoacetate transporter SauU => putative sulfoacetate transporter SauU
[15:42:07] Modify product: Uncharacterized oxidoreductase SA2266 => putative oxidoreductase
[15:42:07] Modify product: Sulfurtransferase Alvin_2599 => Sulfurtransferase
[15:42:07] Modify product: Uncharacterized ABC transporter ATP-binding protein Rv0986 => putative ABC transporter ATP-binding protein
[15:42:07] Modify product: Probable 8-oxo-dGTP diphosphatase 1 => putative 8-oxo-dGTP diphosphatase 1
[15:42:07] Modify product: Uncharacterized protein Rv2571c => putative protein
[15:42:07] Modify product: Uncharacterized protein Rv2575 => putative protein
[15:42:07] Modify product: Uncharacterized protein Rv3660c => putative protein
[15:42:07] Modify product: Putative conjugal transfer protein Rv3659c => Putative conjugal transfer protein
[15:42:07] Modify product: Protein Csal_2339 => Protein
[15:42:07] Modify product: UPF0309 protein BH3325 => hypothetical protein
[15:42:07] Modify product: UPF0051 protein Rv1462 => hypothetical protein
[15:42:07] Modify product: UPF0051 protein SA0778 => hypothetical protein
[15:42:07] Modify product: Fluoroquinolones export ATP-binding protein Rv2688c => Fluoroquinolones export ATP-binding protein
[15:42:07] Modify product: Uncharacterized protein Rv0883c => putative protein
[15:42:07] Modify product: Uncharacterized protein YpbG => putative protein YpbG
[15:42:07] Modify product: Uncharacterized protein Rv0560c => putative protein
[15:42:07] Modify product: Uncharacterized oxidoreductase Rv1843c => putative oxidoreductase
[15:42:07] Modify product: Phosphate-specific transport system accessory protein PhoU homolog 2 => Phosphate-specific transport system accessory protein PhoU 
[15:42:07] Modify product: Uncharacterized protein Rv3400 => putative protein
[15:42:07] Modify product: Uncharacterized RNA pseudouridine synthase Rv1540 => putative RNA pseudouridine synthase
[15:42:07] Modify product: Uncharacterized protein YccU => putative protein YccU
[15:42:07] Modify product: Uncharacterized membrane protein MT1776 => putative membrane protein
[15:42:07] Modify product: Probable multidrug resistance protein EmrY => putative multidrug resistance protein EmrY
[15:42:07] Modify product: Uncharacterized symporter YjmB => putative symporter YjmB
[15:42:07] Modify product: Uncharacterized membrane protein Rv2723 => putative membrane protein
[15:42:07] Modify product: Uncharacterized protein MT2704 => putative protein
[15:42:07] Modify product: Probable siderophore transport system ATP-binding protein YusV => putative siderophore transport system ATP-binding protein YusV
[15:42:07] Modify product: Probable siderophore transport system permease protein YfiZ => putative siderophore transport system permease protein YfiZ
[15:42:07] Modify product: Transcriptional repressor SmtB homolog => Transcriptional repressor SmtB 
[15:42:07] Modify product: Uncharacterized protein Rv2715 => putative protein
[15:42:07] Modify product: Putative monooxygenase Rv0793 => Putative monooxygenase
[15:42:07] Modify product: Uncharacterized ABC transporter ATP-binding protein TM_0288 => putative ABC transporter ATP-binding protein
[15:42:07] Modify product: Uncharacterized ABC transporter ATP-binding protein TM_0288 => putative ABC transporter ATP-binding protein
[15:42:07] Modify product: Uncharacterized hydrolase YxeP => putative hydrolase YxeP
[15:42:07] Modify product: Probable cold shock protein A => putative cold shock protein A
[15:42:07] Modify product: Uncharacterized zinc-type alcohol dehydrogenase-like protein YjmD => putative zinc-type alcohol dehydrogenase-like protein YjmD
[15:42:07] Modify product: Putative peroxiredoxin Rv2521 => Putative peroxiredoxin
[15:42:07] Modify product: Probable amino-acid ABC transporter-binding protein HI_1080 => putative amino-acid ABC transporter-binding protein
[15:42:07] Modify product: Probable low molecular weight protein-tyrosine-phosphatase => putative low molecular weight protein-tyrosine-phosphatase
[15:42:07] Modify product: Probable aspartate aminotransferase => putative aspartate aminotransferase
[15:42:07] Modify product: Uncharacterized protein Rv2569c => putative protein
[15:42:07] Modify product: Uncharacterized protein Rv2567 => putative protein
[15:42:07] Modify product: Solute-binding protein Csal_2479 => Solute-binding protein
[15:42:07] Modify product: UPF0397 protein SP_0482 => hypothetical protein
[15:42:07] Modify product: Uncharacterized N-acetyltransferase YsnE => putative N-acetyltransferase YsnE
[15:42:07] Modify product: Probable D,D-dipeptide transport system permease protein DdpC => putative D,D-dipeptide transport system permease protein DdpC
[15:42:07] Modify product: Uncharacterized FAD-linked oxidoreductase Rv2280 => putative FAD-linked oxidoreductase
[15:42:07] Modify product: Probable membrane transporter protein YfcA => putative membrane transporter protein YfcA
[15:42:07] Modify product: Uncharacterized protein Rv1708 => putative protein
[15:42:07] Modify product: Uncharacterized HTH-type transcriptional regulator Rv1830 => putative HTH-type transcriptional regulator
[15:42:07] Modify product: Uncharacterized HTH-type transcriptional regulator Rv1828 => putative HTH-type transcriptional regulator
[15:42:07] Modify product: UPF0749 protein Rv1825 => hypothetical protein
[15:42:07] Modify product: UPF0749 protein Rv1823 => hypothetical protein
[15:42:07] Modify product: Uncharacterized oxidoreductase YghA => putative oxidoreductase YghA
[15:42:07] Modify product: Probable transcriptional regulatory protein NarL => putative transcriptional regulatory protein NarL
[15:42:07] Modify product: Uncharacterized RNA pseudouridine synthase Rv1711 => putative RNA pseudouridine synthase
[15:42:07] Modify product: Uncharacterized protein Rv1708 => putative protein
[15:42:07] Modify product: Probable protein-export membrane protein SecG => putative protein-export membrane protein SecG
[15:42:07] Modify product: Uncharacterized protein Rv1339 => putative protein
[15:42:07] Modify product: UPF0225 protein YchJ => hypothetical protein
[15:42:07] Modify product: Uncharacterized protein Rv2047c => putative protein
[15:42:07] Modify product: Uncharacterized protein Rv0102 => putative protein
[15:42:08] Modify product: Probable sulfoacetate transporter SauU => putative sulfoacetate transporter SauU
[15:42:08] Modify product: UPF0065 protein in clcB-clcD intergenic region => hypothetical protein
[15:42:08] Modify product: Probable 3-hydroxybutyryl-CoA dehydrogenase => putative 3-hydroxybutyryl-CoA dehydrogenase
[15:42:08] Modify product: Uncharacterized ABC transporter ATP-binding protein YxlF => putative ABC transporter ATP-binding protein YxlF
[15:42:08] Modify product: Probable sensor histidine kinase TcrY => putative sensor histidine kinase TcrY
[15:42:08] Modify product: Probable transcriptional regulatory protein TcrX => putative transcriptional regulatory protein TcrX
[15:42:08] Modify product: Uncharacterized membrane protein Rv3760 => putative membrane protein
[15:42:08] Modify product: Uncharacterized protein Rv2926c => putative protein
[15:42:08] Modify product: Probable formaldehyde dehydrogenase AdhA => putative formaldehyde dehydrogenase AdhA
[15:42:08] Modify product: Universal stress protein MT2698 => Universal stress protein
[15:42:08] Modify product: Uncharacterized protein YisK => putative protein YisK
[15:42:08] Modify product: Probable helicase HelY => putative helicase HelY
[15:42:08] Modify product: Probable phosphoadenosine phosphosulfate reductase => putative phosphoadenosine phosphosulfate reductase
[15:42:08] Modify product: Thioredoxin-like reductase Rv2466c => Thioredoxin-like reductase
[15:42:08] Modify product: UPF0039 protein Rv2851c => hypothetical protein
[15:42:08] Modify product: Actin-binding protein Smlt3054 => Actin-binding protein
[15:42:08] Modify product: Uncharacterized protein Rv0102 => putative protein
[15:42:08] Modify product: Uncharacterized protein Rv2915c => putative protein
[15:42:08] Modify product: Uncharacterized protein MT2054 => putative protein
[15:42:08] Modify product: Uncharacterized transporter YycB => putative transporter YycB
[15:42:08] Modify product: Probable sensor histidine kinase pdtaS => putative sensor histidine kinase pdtaS
[15:42:08] Modify product: Uncharacterized membrane protein Rv3691 => putative membrane protein
[15:42:08] Modify product: Uncharacterized ABC transporter ATP-binding protein YbiT => putative ABC transporter ATP-binding protein YbiT
[15:42:08] Modify product: Putative multidrug export ATP-binding/permease protein SA1683 => Putative multidrug export ATP-binding/permease protein
[15:42:08] Modify product: Epimerase family protein Rv2216 => Epimerase family protein
[15:42:08] Modify product: Universal stress protein MT2698 => Universal stress protein
[15:42:08] Modify product: Uncharacterized ABC transporter ATP-binding protein YbiT => putative ABC transporter ATP-binding protein YbiT
[15:42:08] Modify product: Uncharacterized ABC transporter ATP-binding protein Rv1281c => putative ABC transporter ATP-binding protein
[15:42:08] Cleaned 316 /product names
[15:42:08] Deleting unwanted file: prokka_out_Brachy_JB7.fa/sprot.faa
[15:42:08] Deleting unwanted file: prokka_out_Brachy_JB7.fa/sprot.blast
[15:42:08] There are still 1301 unannotated CDS left (started with 3449)
[15:42:08] Will use hmmer3 to search against /home/pattyjk/anaconda3/bin/../db/hmm/HAMAP.hmm with 4 CPUs
[15:42:08] Running: cat prokka_out_Brachy_JB7\.fa\/HAMAP\.hmm\.faa | parallel --gnu --plain -j 4 --block 42615 --recstart '>' --pipe hmmscan --noali --notextw --acc -E 1e-06 --cpu 1 /home/pattyjk/anaconda3/bin/../db/hmm/HAMAP.hmm /dev/stdin > prokka_out_Brachy_JB7\.fa\/HAMAP\.hmm\.hmmer3 2> /dev/null
[15:43:07] Modify product: Uncharacterized Nudix hydrolase NudL => putative Nudix hydrolase NudL
[15:43:08] Cleaned 1 /product names
[15:43:08] Deleting unwanted file: prokka_out_Brachy_JB7.fa/HAMAP.hmm.faa
[15:43:08] Deleting unwanted file: prokka_out_Brachy_JB7.fa/HAMAP.hmm.hmmer3
[15:43:08] Labelling remaining 1217 proteins as 'hypothetical protein'
[15:43:08] Possible /pseudo 'FK506-binding protein' at Brachy_JB7_22 position 14411
[15:43:08] Possible /pseudo 'Signal peptidase I' at Brachy_JB7_56 position 18991
[15:43:08] Possible /pseudo 'putative protein' at Brachy_JB7_59 position 95442
[15:43:08] Possible /pseudo 'Putative ABC transporter substrate-binding protein YesO' at Brachy_JB7_130 position 16566
[15:43:08] Possible /pseudo 'Putative ABC transporter substrate-binding protein YesO' at Brachy_JB7_130 position 18498
[15:43:08] Possible /pseudo 'putative ABC transporter ATP-binding protein' at Brachy_JB7_138 position 9227
[15:43:08] Possible /pseudo 'Putative fluoride ion transporter CrcB' at Brachy_JB7_172 position 1500
[15:43:08] Possible /pseudo 'Pectate trisaccharide-lyase' at Brachy_JB7_186 position 27482
[15:43:08] Possible /pseudo 'Putative peptide transport permease protein' at Brachy_JB7_192 position 46315
[15:43:08] Possible /pseudo 'Glycerophosphodiester phosphodiesterase, cytoplasmic' at Brachy_JB7_199 position 21990
[15:43:08] Possible /pseudo 'Aminopyrimidine aminohydrolase' at Brachy_JB7_217 position 7644
[15:43:08] Possible /pseudo 'putative ABC transporter ATP-binding protein' at Brachy_JB7_222 position 7424
[15:43:08] Possible /pseudo 'putative protein' at Brachy_JB7_222 position 69692
[15:43:08] Possible /pseudo 'putative HTH-type transcriptional regulator' at Brachy_JB7_223 position 27781
[15:43:08] Possible /pseudo 'Dipeptidyl aminopeptidase BI' at Brachy_JB7_269 position 16141
[15:43:08] Found 1450 unique /gene codes.
[15:43:08] Fixed 2 duplicate /gene - glnA_1 glnA_2
[15:43:08] Fixed 2 duplicate /gene - pspA_1 pspA_2
[15:43:08] Fixed 2 duplicate /gene - allR_1 allR_2
[15:43:08] Fixed 3 duplicate /gene - def_1 def_2 def_3
[15:43:08] Fixed 2 duplicate /gene - ectB_1 ectB_2
[15:43:08] Fixed 2 duplicate /gene - yteT_1 yteT_2
[15:43:08] Fixed 3 duplicate /gene - scrK_1 scrK_2 scrK_3
[15:43:08] Fixed 3 duplicate /gene - desK_1 desK_2 desK_3
[15:43:08] Fixed 2 duplicate /gene - helY_1 helY_2
[15:43:08] Fixed 2 duplicate /gene - gcvT_1 gcvT_2
[15:43:08] Fixed 2 duplicate /gene - ilvC_1 ilvC_2
[15:43:08] Fixed 3 duplicate /gene - phoD_1 phoD_2 phoD_3
[15:43:08] Fixed 2 duplicate /gene - glgX_1 glgX_2
[15:43:08] Fixed 2 duplicate /gene - clgR_1 clgR_2
[15:43:08] Fixed 2 duplicate /gene - iscS_1 iscS_2
[15:43:08] Fixed 2 duplicate /gene - yxlF_1 yxlF_2
[15:43:08] Fixed 2 duplicate /gene - pyrE_1 pyrE_2
[15:43:08] Fixed 3 duplicate /gene - desR_1 desR_2 desR_3
[15:43:08] Fixed 2 duplicate /gene - nreB_1 nreB_2
[15:43:08] Fixed 2 duplicate /gene - ycjO_1 ycjO_2
[15:43:08] Fixed 2 duplicate /gene - hsaB_1 hsaB_2
[15:43:08] Fixed 2 duplicate /gene - golD_1 golD_2
[15:43:08] Fixed 2 duplicate /gene - adhA_1 adhA_2
[15:43:08] Fixed 2 duplicate /gene - tkt_1 tkt_2
[15:43:08] Fixed 3 duplicate /gene - fepD_1 fepD_2 fepD_3
[15:43:08] Fixed 2 duplicate /gene - opuCB_1 opuCB_2
[15:43:08] Fixed 3 duplicate /gene - betI_1 betI_2 betI_3
[15:43:08] Fixed 2 duplicate /gene - helD_1 helD_2
[15:43:08] Fixed 2 duplicate /gene - chvE_1 chvE_2
[15:43:08] Fixed 10 duplicate /gene - iolG_1 iolG_2 iolG_3 iolG_4 iolG_5 iolG_6 iolG_7 iolG_8 iolG_9 iolG_10
[15:43:08] Fixed 3 duplicate /gene - ybjJ_1 ybjJ_2 ybjJ_3
[15:43:08] Fixed 2 duplicate /gene - ydfJ_1 ydfJ_2
[15:43:08] Fixed 2 duplicate /gene - fabH_1 fabH_2
[15:43:08] Fixed 3 duplicate /gene - nrdF2_1 nrdF2_2 nrdF2_3
[15:43:08] Fixed 2 duplicate /gene - recQ_1 recQ_2
[15:43:08] Fixed 2 duplicate /gene - yciC_1 yciC_2
[15:43:08] Fixed 2 duplicate /gene - ssuC_1 ssuC_2
[15:43:08] Fixed 5 duplicate /gene - proP_1 proP_2 proP_3 proP_4 proP_5
[15:43:08] Fixed 2 duplicate /gene - ypbG_1 ypbG_2
[15:43:08] Fixed 2 duplicate /gene - acsA_1 acsA_2
[15:43:08] Fixed 4 duplicate /gene - iolS_1 iolS_2 iolS_3 iolS_4
[15:43:08] Fixed 4 duplicate /gene - xylG_1 xylG_2 xylG_3 xylG_4
[15:43:08] Fixed 2 duplicate /gene - deaD_1 deaD_2
[15:43:08] Fixed 3 duplicate /gene - yfiY_1 yfiY_2 yfiY_3
[15:43:08] Fixed 2 duplicate /gene - glfT2_1 glfT2_2
[15:43:08] Fixed 5 duplicate /gene - yteP_1 yteP_2 yteP_3 yteP_4 yteP_5
[15:43:08] Fixed 2 duplicate /gene - ravA_1 ravA_2
[15:43:08] Fixed 2 duplicate /gene - gyrB_1 gyrB_2
[15:43:08] Fixed 5 duplicate /gene - gsiA_1 gsiA_2 gsiA_3 gsiA_4 gsiA_5
[15:43:08] Fixed 2 duplicate /gene - pelA_1 pelA_2
[15:43:08] Fixed 2 duplicate /gene - glmS_1 glmS_2
[15:43:08] Fixed 2 duplicate /gene - fkbP_1 fkbP_2
[15:43:08] Fixed 5 duplicate /gene - lipO_1 lipO_2 lipO_3 lipO_4 lipO_5
[15:43:08] Fixed 3 duplicate /gene - deoR_1 deoR_2 deoR_3
[15:43:08] Fixed 2 duplicate /gene - ygbN_1 ygbN_2
[15:43:08] Fixed 2 duplicate /gene - por_1 por_2
[15:43:08] Fixed 8 duplicate /gene - yesO_1 yesO_2 yesO_3 yesO_4 yesO_5 yesO_6 yesO_7 yesO_8
[15:43:08] Fixed 4 duplicate /gene - ugpB_1 ugpB_2 ugpB_3 ugpB_4
[15:43:08] Fixed 2 duplicate /gene - dauA_1 dauA_2
[15:43:08] Fixed 2 duplicate /gene - gpmA_1 gpmA_2
[15:43:08] Fixed 3 duplicate /gene - gltC_1 gltC_2 gltC_3
[15:43:08] Fixed 2 duplicate /gene - rcdA_1 rcdA_2
[15:43:08] Fixed 3 duplicate /gene - cysA_1 cysA_2 cysA_3
[15:43:08] Fixed 2 duplicate /gene - purR_1 purR_2
[15:43:08] Fixed 2 duplicate /gene - xynA1_1 xynA1_2
[15:43:08] Fixed 3 duplicate /gene - plsC_1 plsC_2 plsC_3
[15:43:08] Fixed 3 duplicate /gene - nreC_1 nreC_2 nreC_3
[15:43:08] Fixed 2 duplicate /gene - ppm1_1 ppm1_2
[15:43:08] Fixed 2 duplicate /gene - dkgB_1 dkgB_2
[15:43:08] Fixed 4 duplicate /gene - fepG_1 fepG_2 fepG_3 fepG_4
[15:43:08] Fixed 4 duplicate /gene - menG_1 menG_2 menG_3 menG_4
[15:43:08] Fixed 3 duplicate /gene - iolX_1 iolX_2 iolX_3
[15:43:08] Fixed 2 duplicate /gene - hmuV_1 hmuV_2
[15:43:08] Fixed 3 duplicate /gene - yedK_1 yedK_2 yedK_3
[15:43:08] Fixed 2 duplicate /gene - ptsH_1 ptsH_2
[15:43:08] Fixed 4 duplicate /gene - gsiC_1 gsiC_2 gsiC_3 gsiC_4
[15:43:08] Fixed 2 duplicate /gene - ilvD_1 ilvD_2
[15:43:08] Fixed 2 duplicate /gene - andAa_1 andAa_2
[15:43:08] Fixed 4 duplicate /gene - afr_1 afr_2 afr_3 afr_4
[15:43:08] Fixed 3 duplicate /gene - dagK_1 dagK_2 dagK_3
[15:43:08] Fixed 2 duplicate /gene - pip_1 pip_2
[15:43:08] Fixed 2 duplicate /gene - groL1_1 groL1_2
[15:43:08] Fixed 2 duplicate /gene - pitA_1 pitA_2
[15:43:08] Fixed 2 duplicate /gene - melR_1 melR_2
[15:43:08] Fixed 5 duplicate /gene - lacG_1 lacG_2 lacG_3 lacG_4 lacG_5
[15:43:08] Fixed 3 duplicate /gene - trxB_1 trxB_2 trxB_3
[15:43:08] Fixed 2 duplicate /gene - pimB_1 pimB_2
[15:43:08] Fixed 3 duplicate /gene - nimR_1 nimR_2 nimR_3
[15:43:08] Fixed 7 duplicate /gene - cytR_1 cytR_2 cytR_3 cytR_4 cytR_5 cytR_6 cytR_7
[15:43:08] Fixed 2 duplicate /gene - exoA_1 exoA_2
[15:43:08] Fixed 2 duplicate /gene - sorC_1 sorC_2
[15:43:08] Fixed 19 duplicate /gene - araQ_1 araQ_2 araQ_3 araQ_4 araQ_5 araQ_6 araQ_7 araQ_8 araQ_9 araQ_10 araQ_11 araQ_12 araQ_13 araQ_14 araQ_15 araQ_16 araQ_17 araQ_18 araQ_19
[15:43:08] Fixed 5 duplicate /gene - nagC_1 nagC_2 nagC_3 nagC_4 nagC_5
[15:43:08] Fixed 2 duplicate /gene - rbsR_1 rbsR_2
[15:43:08] Fixed 4 duplicate /gene - xylB_1 xylB_2 xylB_3 xylB_4
[15:43:08] Fixed 2 duplicate /gene - ideR_1 ideR_2
[15:43:08] Fixed 3 duplicate /gene - dpp5_1 dpp5_2 dpp5_3
[15:43:08] Fixed 2 duplicate /gene - prmC_1 prmC_2
[15:43:08] Fixed 2 duplicate /gene - iolU_1 iolU_2
[15:43:08] Fixed 2 duplicate /gene - yghA_1 yghA_2
[15:43:08] Fixed 2 duplicate /gene - modB_1 modB_2
[15:43:08] Fixed 3 duplicate /gene - polA_1 polA_2 polA_3
[15:43:08] Fixed 2 duplicate /gene - garR_1 garR_2
[15:43:08] Fixed 2 duplicate /gene - sdhA_1 sdhA_2
[15:43:08] Fixed 2 duplicate /gene - hsrA_1 hsrA_2
[15:43:08] Fixed 2 duplicate /gene - mviN_1 mviN_2
[15:43:08] Fixed 2 duplicate /gene - arlS_1 arlS_2
[15:43:08] Fixed 2 duplicate /gene - emrY_1 emrY_2
[15:43:08] Fixed 4 duplicate /gene - xerC_1 xerC_2 xerC_3 xerC_4
[15:43:08] Fixed 6 duplicate /gene - dppB_1 dppB_2 dppB_3 dppB_4 dppB_5 dppB_6
[15:43:08] Fixed 2 duplicate /gene - clpP2_1 clpP2_2
[15:43:08] Fixed 3 duplicate /gene - betC_1 betC_2 betC_3
[15:43:08] Fixed 8 duplicate /gene - fabG_1 fabG_2 fabG_3 fabG_4 fabG_5 fabG_6 fabG_7 fabG_8
[15:43:08] Fixed 3 duplicate /gene - rppH_1 rppH_2 rppH_3
[15:43:08] Fixed 11 duplicate /gene - ccpA_1 ccpA_2 ccpA_3 ccpA_4 ccpA_5 ccpA_6 ccpA_7 ccpA_8 ccpA_9 ccpA_10 ccpA_11
[15:43:08] Fixed 4 duplicate /gene - ycjP_1 ycjP_2 ycjP_3 ycjP_4
[15:43:08] Fixed 2 duplicate /gene - rsmC_1 rsmC_2
[15:43:08] Fixed 3 duplicate /gene - tam_1 tam_2 tam_3
[15:43:08] Fixed 2 duplicate /gene - abgT_1 abgT_2
[15:43:08] Fixed 2 duplicate /gene - lacZ_1 lacZ_2
[15:43:08] Fixed 2 duplicate /gene - priA_1 priA_2
[15:43:08] Fixed 2 duplicate /gene - xylH_1 xylH_2
[15:43:08] Fixed 2 duplicate /gene - oppC_1 oppC_2
[15:43:08] Fixed 3 duplicate /gene - murK_1 murK_2 murK_3
[15:43:08] Fixed 2 duplicate /gene - degU_1 degU_2
[15:43:08] Fixed 3 duplicate /gene - ytrA_1 ytrA_2 ytrA_3
[15:43:08] Fixed 2 duplicate /gene - yhdG_1 yhdG_2
[15:43:08] Fixed 2 duplicate /gene - dppE_1 dppE_2
[15:43:08] Fixed 2 duplicate /gene - ybiT_1 ybiT_2
[15:43:08] Fixed 4 duplicate /gene - rspR_1 rspR_2 rspR_3 rspR_4
[15:43:08] Fixed 2 duplicate /gene - iap_1 iap_2
[15:43:08] Fixed 2 duplicate /gene - ssuA_1 ssuA_2
[15:43:08] Fixed 3 duplicate /gene - gsiD_1 gsiD_2 gsiD_3
[15:43:08] Fixed 2 duplicate /gene - sugA_1 sugA_2
[15:43:08] Fixed 2 duplicate /gene - araC_1 araC_2
[15:43:08] Fixed 2 duplicate /gene - pdhD_1 pdhD_2
[15:43:08] Fixed 3 duplicate /gene - nagZ_1 nagZ_2 nagZ_3
[15:43:08] Fixed 7 duplicate /gene - ugpA_1 ugpA_2 ugpA_3 ugpA_4 ugpA_5 ugpA_6 ugpA_7
[15:43:08] Fixed 2 duplicate /gene - ftsK_1 ftsK_2
[15:43:08] Fixed 2 duplicate /gene - nepI_1 nepI_2
[15:43:08] Fixed 2 duplicate /gene - lipR_1 lipR_2
[15:43:08] Fixed 3 duplicate /gene - ettA_1 ettA_2 ettA_3
[15:43:08] Fixed 2 duplicate /gene - xylE_1 xylE_2
[15:43:08] Fixed 2 duplicate /gene - dapb1_1 dapb1_2
[15:43:08] Fixed 2 duplicate /gene - murG_1 murG_2
[15:43:08] Fixed 2 duplicate /gene - ntdC_1 ntdC_2
[15:43:08] Fixed 7 duplicate /gene - oppD_1 oppD_2 oppD_3 oppD_4 oppD_5 oppD_6 oppD_7
[15:43:08] Fixed 2 duplicate /gene - spk1_1 spk1_2
[15:43:08] Fixed 2 duplicate /gene - lldD_1 lldD_2
[15:43:08] Fixed 3 duplicate /gene - yvoA_1 yvoA_2 yvoA_3
[15:43:08] Fixed 2 duplicate /gene - abgB_1 abgB_2
[15:43:08] Fixed 2 duplicate /gene - glnP_1 glnP_2
[15:43:08] Fixed 2 duplicate /gene - mgl_1 mgl_2
[15:43:08] Fixed 2 duplicate /gene - dppA_1 dppA_2
[15:43:08] Fixed 2 duplicate /gene - xylA_1 xylA_2
[15:43:08] Fixed 2 duplicate /gene - bcr_1 bcr_2
[15:43:08] Fixed 2 duplicate /gene - srpR_1 srpR_2
[15:43:08] Fixed 2 duplicate /gene - dapE_1 dapE_2
[15:43:08] Fixed 5 duplicate /gene - lutR_1 lutR_2 lutR_3 lutR_4 lutR_5
[15:43:08] Fixed 2 duplicate /gene - thiE_1 thiE_2
[15:43:08] Fixed 3 duplicate /gene - sauU_1 sauU_2 sauU_3
[15:43:08] Fixed 2 duplicate /gene - tenA_1 tenA_2
[15:43:08] Fixed 5 duplicate /gene - araP_1 araP_2 araP_3 araP_4 araP_5
[15:43:08] Fixed 3 duplicate /gene - suhB_1 suhB_2 suhB_3
[15:43:08] Fixed 2 duplicate /gene - axeA_1 axeA_2
[15:43:08] Fixed 2 duplicate /gene - ykoD_1 ykoD_2
[15:43:08] Fixed 2 duplicate /gene - nosF_1 nosF_2
[15:43:08] Fixed 2 duplicate /gene - map_1 map_2
[15:43:08] Fixed 4 duplicate /gene - hmuU_1 hmuU_2 hmuU_3 hmuU_4
[15:43:08] Fixed 4 duplicate /gene - uvrA_1 uvrA_2 uvrA_3 uvrA_4
[15:43:08] Fixed 4 duplicate /gene - oppF_1 oppF_2 oppF_3 oppF_4
[15:43:08] Fixed 3 duplicate /gene - glnQ_1 glnQ_2 glnQ_3
[15:43:08] Fixed 2 duplicate /gene - cynR_1 cynR_2
[15:43:08] Fixed 2 duplicate /gene - lacE_1 lacE_2
[15:43:08] Fixed 2 duplicate /gene - rbsK/rbiA_1 rbsK/rbiA_2
[15:43:08] Fixed 2 duplicate /gene - metQ_1 metQ_2
[15:43:08] Fixed 3 duplicate /gene - rpmE2_1 rpmE2_2 rpmE2_3
[15:43:08] Fixed 2 duplicate /gene - lysN_1 lysN_2
[15:43:08] Fixed 4 duplicate /gene - pbpE_1 pbpE_2 pbpE_3 pbpE_4
[15:43:08] Fixed 3 duplicate /gene - fepC_1 fepC_2 fepC_3
[15:43:08] Fixed 2 duplicate /gene - bga_1 bga_2
[15:43:08] Fixed 2 duplicate /gene - nudC_1 nudC_2
[15:43:08] Fixed 2 duplicate /gene - bmr3_1 bmr3_2
[15:43:08] Fixed 2 duplicate /gene - glkA_1 glkA_2
[15:43:08] Fixed 2 duplicate /gene - potA_1 potA_2
[15:43:08] Fixed 2 duplicate /gene - fdhA_1 fdhA_2
[15:43:08] Fixed 5 duplicate /gene - liaR_1 liaR_2 liaR_3 liaR_4 liaR_5
[15:43:08] Fixed 2 duplicate /gene - yusV_1 yusV_2
[15:43:08] Fixed 4 duplicate /gene - drrA_1 drrA_2 drrA_3 drrA_4
[15:43:08] Fixed 2 duplicate /gene - rnj_1 rnj_2
[15:43:08] Fixed 2 duplicate /gene - ylmA_1 ylmA_2
[15:43:08] Fixed 2 duplicate /gene - pepD_1 pepD_2
[15:43:08] Fixed 3 duplicate /gene - galK_1 galK_2 galK_3
[15:43:08] Fixed 2 duplicate /gene - ziaR_1 ziaR_2
[15:43:08] Fixed 2 duplicate /gene - ydjZ_1 ydjZ_2
[15:43:08] Fixed 2 duplicate /gene - tagH_1 tagH_2
[15:43:08] Fixed 2 duplicate /gene - merR1_1 merR1_2
[15:43:08] Fixed 2 duplicate /gene - irtA_1 irtA_2
[15:43:08] Fixed 3 duplicate /gene - oatA_1 oatA_2 oatA_3
[15:43:08] Fixed 3 duplicate /gene - gsiB_1 gsiB_2 gsiB_3
[15:43:08] Fixed 2 duplicate /gene - metN_1 metN_2
[15:43:08] Fixed 2 duplicate /gene - ilvE_1 ilvE_2
[15:43:08] Fixed 2 duplicate /gene - ogt_1 ogt_2
[15:43:08] Fixed 2 duplicate /gene - galE_1 galE_2
[15:43:08] Fixed 2 duplicate /gene - acm_1 acm_2
[15:43:08] Fixed 3 duplicate /gene - serA_1 serA_2 serA_3
[15:43:08] Fixed 2 duplicate /gene - setA_1 setA_2
[15:43:08] Fixed 3 duplicate /gene - gloC_1 gloC_2 gloC_3
[15:43:08] Fixed 2 duplicate /gene - yxeP_1 yxeP_2
[15:43:08] Fixed 2 duplicate /gene - gfo_1 gfo_2
[15:43:08] Fixed 2 duplicate /gene - mca_1 mca_2
[15:43:08] Fixed 2 duplicate /gene - fecE_1 fecE_2
[15:43:08] Fixed 3 duplicate /gene - ctpA_1 ctpA_2 ctpA_3
[15:43:08] Fixed 2 duplicate /gene - ohrB_1 ohrB_2
[15:43:08] Fixed 2 duplicate /gene - gpx1_1 gpx1_2
[15:43:08] Fixed 2 duplicate /gene - glpR_1 glpR_2
[15:43:08] Fixed 2 duplicate /gene - ptpA_1 ptpA_2
[15:43:08] Fixed 6 duplicate /gene - liaS_1 liaS_2 liaS_3 liaS_4 liaS_5 liaS_6
[15:43:08] Fixed 2 duplicate /gene - clpP1_1 clpP1_2
[15:43:08] Fixed 2 duplicate /gene - trpB_1 trpB_2
[15:43:08] Fixed 2 duplicate /gene - hpf_1 hpf_2
[15:43:08] Fixed 2 duplicate /gene - fadA_1 fadA_2
[15:43:08] Fixed 5 duplicate /gene - natA_1 natA_2 natA_3 natA_4 natA_5
[15:43:08] Fixed 2 duplicate /gene - putP_1 putP_2
[15:43:08] Fixed 3 duplicate /gene - nlhH_1 nlhH_2 nlhH_3
[15:43:08] Fixed 2 duplicate /gene - yecS_1 yecS_2
[15:43:08] Fixed 2 duplicate /gene - cpsY_1 cpsY_2
[15:43:08] Fixed 2 duplicate /gene - yycB_1 yycB_2
[15:43:08] Fixed 6 duplicate /gene - sugB_1 sugB_2 sugB_3 sugB_4 sugB_5 sugB_6
[15:43:08] Fixed 3 duplicate /gene - dapA_1 dapA_2 dapA_3
[15:43:08] Fixed 2 duplicate /gene - regX3_1 regX3_2
[15:43:08] Fixed 2 duplicate /gene - yfcA_1 yfcA_2
[15:43:08] Fixed 2 duplicate /gene - pknE_1 pknE_2
[15:43:08] Fixed 3 duplicate /gene - nrdI_1 nrdI_2 nrdI_3
[15:43:08] Fixed 2 duplicate /gene - carD_1 carD_2
[15:43:08] Fixed 3 duplicate /gene - moaE2_1 moaE2_2 moaE2_3
[15:43:08] Fixed 2 duplicate /gene - dctM_1 dctM_2
[15:43:08] Fixed 3 duplicate /gene - pgl_1 pgl_2 pgl_3
[15:43:08] Fixed 2 duplicate /gene - tagE_1 tagE_2
[15:43:08] Fixed 4 duplicate /gene - ugpQ_1 ugpQ_2 ugpQ_3 ugpQ_4
[15:43:08] Fixed 2 duplicate /gene - rpmB_1 rpmB_2
[15:43:08] Fixed 3 duplicate /gene - ucpA_1 ucpA_2 ucpA_3
[15:43:08] Fixed 2 duplicate /gene - fba_1 fba_2
[15:43:08] Fixed 2 duplicate /gene - gpr_1 gpr_2
[15:43:08] Fixed 13 duplicate /gene - lacF_1 lacF_2 lacF_3 lacF_4 lacF_5 lacF_6 lacF_7 lacF_8 lacF_9 lacF_10 lacF_11 lacF_12 lacF_13
[15:43:08] Fixed 2 duplicate /gene - relA_1 relA_2
[15:43:08] Fixed 2 duplicate /gene - yknY_1 yknY_2
[15:43:08] Fixed 2 duplicate /gene - rpmG2_1 rpmG2_2
[15:43:08] Fixed 3 duplicate /gene - thiD_1 thiD_2 thiD_3
[15:43:08] Fixed 7 duplicate /gene - mshD_1 mshD_2 mshD_3 mshD_4 mshD_5 mshD_6 mshD_7
[15:43:08] Fixed 2 duplicate /gene - cobB_1 cobB_2
[15:43:08] Fixed 2 duplicate /gene - pstP_1 pstP_2
[15:43:08] Fixed 2 duplicate /gene - degA_1 degA_2
[15:43:08] Fixed 2 duplicate /gene - garA_1 garA_2
[15:43:08] Fixed 2 duplicate /gene - qcrA_1 qcrA_2
[15:43:08] Fixed 2 duplicate /gene - sad_1 sad_2
[15:43:08] Fixed 2 duplicate /gene - ubiG_1 ubiG_2
[15:43:08] Fixed 3 duplicate /gene - iclR_1 iclR_2 iclR_3
[15:43:08] Fixed 2 duplicate /gene - limB_1 limB_2
[15:43:08] Fixed 2 duplicate /gene - yclQ_1 yclQ_2
[15:43:08] Fixed 7 duplicate /gene - iolE_1 iolE_2 iolE_3 iolE_4 iolE_5 iolE_6 iolE_7
[15:43:08] Fixed 2 duplicate /gene - lepB_1 lepB_2
[15:43:08] Fixed 2 duplicate /gene - rimI_1 rimI_2
[15:43:08] Fixed 3 duplicate /gene - ispD_1 ispD_2 ispD_3
[15:43:08] Fixed 4 duplicate /gene - msmE_1 msmE_2 msmE_3 msmE_4
[15:43:08] Fixed 2 duplicate /gene - tcrY_1 tcrY_2
[15:43:08] Fixed 2 duplicate /gene - ydaF_1 ydaF_2
[15:43:08] Fixed 2 duplicate /gene - hutI_1 hutI_2
[15:43:08] Fixed 2 duplicate /gene - tdk_1 tdk_2
[15:43:08] Fixed 2 duplicate /gene - qacA_1 qacA_2
[15:43:08] Fixed 2 duplicate /gene - tcrX_1 tcrX_2
[15:43:08] Fixed 4 duplicate /gene - cycB_1 cycB_2 cycB_3 cycB_4
[15:43:08] Fixed 5 duplicate /gene - cpdA_1 cpdA_2 cpdA_3 cpdA_4 cpdA_5
[15:43:08] Fixed 2 duplicate /gene - maa_1 maa_2
[15:43:08] Fixed 2 duplicate /gene - gph_1 gph_2
[15:43:08] Fixed 2 duplicate /gene - sigJ_1 sigJ_2
[15:43:08] Fixed 3 duplicate /gene - thrB_1 thrB_2 thrB_3
[15:43:08] Fixed 2 duplicate /gene - glsA1_1 glsA1_2
[15:43:08] Fixed 2 duplicate /gene - gltA_1 gltA_2
[15:43:08] Fixed 2 duplicate /gene - pyrC_1 pyrC_2
[15:43:08] Fixed 2 duplicate /gene - leuA_1 leuA_2
[15:43:08] Fixed 3 duplicate /gene - msbA_1 msbA_2 msbA_3
[15:43:08] Fixed 2 duplicate /gene - rbsC_1 rbsC_2
[15:43:08] Fixed 2 duplicate /gene - lacC_1 lacC_2
[15:43:08] Fixed 2 duplicate /gene - recD2_1 recD2_2
[15:43:08] Fixed 2 duplicate /gene - aroK_1 aroK_2
[15:43:08] Fixed 2 duplicate /gene - crcB_1 crcB_2
[15:43:08] Fixed 2 duplicate /gene - abfA_1 abfA_2
[15:43:08] Fixed 288 colliding /gene names.
[15:43:08] Adding /locus_tag identifiers
[15:43:08] Assigned 3507 locus_tags to CDS and RNA features.
[15:43:08] Writing outputs to prokka_out_Brachy_JB7.fa/
[15:43:10] Generating annotation statistics file
[15:43:10] Generating Genbank and Sequin files
[15:43:10] Running: tbl2asn -V b -a r10k -l paired-ends -M n -N 1 -y 'Annotated using prokka 1.13 from https://github.com/tseemann/prokka' -Z prokka_out_Brachy_JB7\.fa\/Brachy_JB7\.fa\.err -i prokka_out_Brachy_JB7\.fa\/Brachy_JB7\.fa\.fsa 2> /dev/null
[15:43:18] Deleting unwanted file: prokka_out_Brachy_JB7.fa/errorsummary.val
[15:43:18] Deleting unwanted file: prokka_out_Brachy_JB7.fa/Brachy_JB7.fa.dr
[15:43:18] Deleting unwanted file: prokka_out_Brachy_JB7.fa/Brachy_JB7.fa.fixedproducts
[15:43:18] Deleting unwanted file: prokka_out_Brachy_JB7.fa/Brachy_JB7.fa.ecn
[15:43:18] Deleting unwanted file: prokka_out_Brachy_JB7.fa/Brachy_JB7.fa.val
[15:43:18] Repairing broken .GBK output that tbl2asn produces...
[15:43:18] Running: sed 's/COORDINATES: profile/COORDINATES:profile/' < prokka_out_Brachy_JB7\.fa\/Brachy_JB7\.fa\.gbf > prokka_out_Brachy_JB7\.fa\/Brachy_JB7\.fa\.gbk
[15:43:18] Deleting unwanted file: prokka_out_Brachy_JB7.fa/Brachy_JB7.fa.gbf
[15:43:18] Output files:
[15:43:18] prokka_out_Brachy_JB7.fa/Brachy_JB7.fa.fsa
[15:43:18] prokka_out_Brachy_JB7.fa/Brachy_JB7.fa.txt
[15:43:18] prokka_out_Brachy_JB7.fa/Brachy_JB7.fa.faa
[15:43:18] prokka_out_Brachy_JB7.fa/Brachy_JB7.fa.ffn
[15:43:18] prokka_out_Brachy_JB7.fa/Brachy_JB7.fa.gbk
[15:43:18] prokka_out_Brachy_JB7.fa/Brachy_JB7.fa.err
[15:43:18] prokka_out_Brachy_JB7.fa/Brachy_JB7.fa.tbl
[15:43:18] prokka_out_Brachy_JB7.fa/Brachy_JB7.fa.tsv
[15:43:18] prokka_out_Brachy_JB7.fa/Brachy_JB7.fa.log
[15:43:18] prokka_out_Brachy_JB7.fa/Brachy_JB7.fa.fna
[15:43:18] prokka_out_Brachy_JB7.fa/Brachy_JB7.fa.sqn
[15:43:18] prokka_out_Brachy_JB7.fa/Brachy_JB7.fa.gff
[15:43:18] Annotation finished successfully.
[15:43:18] Walltime used: 4.28 minutes
[15:43:18] If you use this result please cite the Prokka paper:
[15:43:18] Seemann T (2014) Prokka: rapid prokaryotic genome annotation. Bioinformatics. 30(14):2068-9.
[15:43:18] Type 'prokka --citation' for more details.
[15:43:18] Share and enjoy!
